<?xml version="1.0" encoding="UTF-8"?>
<!-- Generated by org.testng.reporters.JUnitXMLReporter -->
<testsuite hostname="DESKTOP-T6M756F" name="Snaity Testing" tests="2" failures="1" timestamp="20 May 2021 11:52:37 GMT" time="24.835" errors="0">
  <testcase name="TCID_001_verifyLoginPage" time="0.013" classname="com.scripts.TestScript">
    <failure type="java.lang.NullPointerException">
      <![CDATA[java.lang.NullPointerException
	at com.scripts.TestScript.TCID_001_verifyLoginPage(TestScript.java:37)
... Removed 24 stack frames]]>
    </failure>
  </testcase> <!-- TCID_001_verifyLoginPage -->
  <testcase name="initializeWebEnvironment" time="24.799" classname="com.scripts.TestScript"/>
</testsuite> <!-- Snaity Testing -->
