<?xml version="1.0" encoding="UTF-8"?>
<!-- Generated by org.testng.reporters.JUnitXMLReporter -->
<testsuite hostname="DESKTOP-T6M756F" name="Default test" tests="5" failures="0" timestamp="25 May 2021 03:49:39 GMT" time="0.239" errors="0">
  <testcase name="studentRegistration" time="0.081" classname="com.scripts.testDataProvider.TestDataProvider"/>
  <testcase name="studentRegistration" time="0.001" classname="com.scripts.testDataProvider.TestDataProvider"/>
  <testcase name="studentRegistration" time="0.001" classname="com.scripts.testDataProvider.TestDataProvider"/>
  <testcase name="studentRegistration" time="0.002" classname="com.scripts.testDataProvider.TestDataProvider"/>
  <testcase name="studentRegistration" time="0.002" classname="com.scripts.testDataProvider.TestDataProvider"/>
</testsuite> <!-- Default test -->
