<?xml version="1.0" encoding="UTF-8"?>
<testng-results skipped="0" failed="0" total="5" passed="5">
  <reporter-output>
  </reporter-output>
  <suite name="Default suite" duration-ms="239" started-at="2021-05-25T03:49:36Z" finished-at="2021-05-25T03:49:36Z">
    <groups>
    </groups>
    <test name="Default test" duration-ms="239" started-at="2021-05-25T03:49:36Z" finished-at="2021-05-25T03:49:36Z">
      <class name="com.scripts.testDataProvider.TestDataProvider">
        <test-method status="PASS" signature="studentRegistration(java.lang.String, java.lang.String, java.lang.String)[pri:0, instance:com.scripts.testDataProvider.TestDataProvider@1ae369b7]" name="studentRegistration" duration-ms="81" started-at="2021-05-25T09:19:36Z" data-provider="getData" finished-at="2021-05-25T09:19:36Z">
          <params>
            <param index="0">
              <value>
                <![CDATA[Mukesh]]>
              </value>
            </param>
            <param index="1">
              <value>
                <![CDATA[Otwani]]>
              </value>
            </param>
            <param index="2">
              <value>
                <![CDATA[Motwani@gmail.com]]>
              </value>
            </param>
          </params>
          <reporter-output>
          </reporter-output>
        </test-method> <!-- studentRegistration -->
        <test-method status="PASS" signature="studentRegistration(java.lang.String, java.lang.String, java.lang.String)[pri:0, instance:com.scripts.testDataProvider.TestDataProvider@1ae369b7]" name="studentRegistration" duration-ms="1" started-at="2021-05-25T09:19:36Z" data-provider="getData" finished-at="2021-05-25T09:19:36Z">
          <params>
            <param index="0">
              <value>
                <![CDATA[Amod]]>
              </value>
            </param>
            <param index="1">
              <value>
                <![CDATA[Mahajan]]>
              </value>
            </param>
            <param index="2">
              <value>
                <![CDATA[amahajan@hotmail.com]]>
              </value>
            </param>
          </params>
          <reporter-output>
          </reporter-output>
        </test-method> <!-- studentRegistration -->
        <test-method status="PASS" signature="studentRegistration(java.lang.String, java.lang.String, java.lang.String)[pri:0, instance:com.scripts.testDataProvider.TestDataProvider@1ae369b7]" name="studentRegistration" duration-ms="1" started-at="2021-05-25T09:19:36Z" data-provider="getData" finished-at="2021-05-25T09:19:36Z">
          <params>
            <param index="0">
              <value>
                <![CDATA[Animesh]]>
              </value>
            </param>
            <param index="1">
              <value>
                <![CDATA[Prashant]]>
              </value>
            </param>
            <param index="2">
              <value>
                <![CDATA[aprashant@gmail.com]]>
              </value>
            </param>
          </params>
          <reporter-output>
          </reporter-output>
        </test-method> <!-- studentRegistration -->
        <test-method status="PASS" signature="studentRegistration(java.lang.String, java.lang.String, java.lang.String)[pri:0, instance:com.scripts.testDataProvider.TestDataProvider@1ae369b7]" name="studentRegistration" duration-ms="2" started-at="2021-05-25T09:19:36Z" data-provider="getData" finished-at="2021-05-25T09:19:36Z">
          <params>
            <param index="0">
              <value>
                <![CDATA[Ankur]]>
              </value>
            </param>
            <param index="1">
              <value>
                <![CDATA[Singh]]>
              </value>
            </param>
            <param index="2">
              <value>
                <![CDATA[asingh@gmail.com]]>
              </value>
            </param>
          </params>
          <reporter-output>
          </reporter-output>
        </test-method> <!-- studentRegistration -->
        <test-method status="PASS" signature="studentRegistration(java.lang.String, java.lang.String, java.lang.String)[pri:0, instance:com.scripts.testDataProvider.TestDataProvider@1ae369b7]" name="studentRegistration" duration-ms="2" started-at="2021-05-25T09:19:36Z" data-provider="getData" finished-at="2021-05-25T09:19:36Z">
          <params>
            <param index="0">
              <value>
                <![CDATA[Amritansh]]>
              </value>
            </param>
            <param index="1">
              <value>
                <![CDATA[Kumar]]>
              </value>
            </param>
            <param index="2">
              <value>
                <![CDATA[akumar@gmail.com]]>
              </value>
            </param>
          </params>
          <reporter-output>
          </reporter-output>
        </test-method> <!-- studentRegistration -->
      </class> <!-- com.scripts.testDataProvider.TestDataProvider -->
    </test> <!-- Default test -->
  </suite> <!-- Default suite -->
</testng-results>
