<?xml version="1.0" encoding="UTF-8"?>
<testng-results skipped="0" failed="0" total="4" passed="4">
  <reporter-output>
  </reporter-output>
  <suite name="TestNg_Smoke_Suite" duration-ms="47" started-at="2021-05-20T12:00:31Z" finished-at="2021-05-20T12:00:31Z">
    <groups>
      <group name="Regression">
        <method signature="TestFacebookSignUp.TCID_004_regression()[pri:0, instance:com.scripts.TestFacebookSignUp@28f67ac7]" name="TCID_004_regression" class="com.scripts.TestFacebookSignUp"/>
        <method signature="TestScript.TCID_004_regression()[pri:0, instance:com.scripts.TestScript@1fbc7afb]" name="TCID_004_regression" class="com.scripts.TestScript"/>
      </group> <!-- Regression -->
      <group name="Include Group">
        <method signature="TestFacebookSignUp.TCID_002_include()[pri:0, instance:com.scripts.TestFacebookSignUp@28f67ac7]" name="TCID_002_include" class="com.scripts.TestFacebookSignUp"/>
        <method signature="TestScript.TCID_004_include()[pri:0, instance:com.scripts.TestScript@1fbc7afb]" name="TCID_004_include" class="com.scripts.TestScript"/>
      </group> <!-- Include Group -->
    </groups>
    <test name="Smoke Testing" duration-ms="47" started-at="2021-05-20T12:00:31Z" finished-at="2021-05-20T12:00:31Z">
      <class name="com.scripts.TestFacebookSignUp">
        <test-method status="PASS" signature="TCID_002_include()[pri:0, instance:com.scripts.TestFacebookSignUp@28f67ac7]" name="TCID_002_include" duration-ms="12" started-at="2021-05-20T17:30:31Z" finished-at="2021-05-20T17:30:31Z">
          <reporter-output>
          </reporter-output>
        </test-method> <!-- TCID_002_include -->
        <test-method status="PASS" signature="TCID_004_regression()[pri:0, instance:com.scripts.TestFacebookSignUp@28f67ac7]" name="TCID_004_regression" duration-ms="4" started-at="2021-05-20T17:30:31Z" finished-at="2021-05-20T17:30:31Z">
          <reporter-output>
          </reporter-output>
        </test-method> <!-- TCID_004_regression -->
      </class> <!-- com.scripts.TestFacebookSignUp -->
      <class name="com.scripts.TestScript">
        <test-method status="PASS" signature="TCID_004_include()[pri:0, instance:com.scripts.TestScript@1fbc7afb]" name="TCID_004_include" duration-ms="1" started-at="2021-05-20T17:30:31Z" finished-at="2021-05-20T17:30:31Z">
          <reporter-output>
          </reporter-output>
        </test-method> <!-- TCID_004_include -->
        <test-method status="PASS" signature="TCID_004_regression()[pri:0, instance:com.scripts.TestScript@1fbc7afb]" name="TCID_004_regression" duration-ms="4" started-at="2021-05-20T17:30:31Z" finished-at="2021-05-20T17:30:31Z">
          <reporter-output>
          </reporter-output>
        </test-method> <!-- TCID_004_regression -->
      </class> <!-- com.scripts.TestScript -->
    </test> <!-- Smoke Testing -->
  </suite> <!-- TestNg_Smoke_Suite -->
</testng-results>
